Using pre-set license
Built from '2020.3/staging' branch; Version is '2020.3.13f1 (71691879b7f5) revision 7432472'; Using compiler version '192528614'; Build Type 'Release'
OS: 'Windows 10 Home; OS build 22621.1848; Version 2009; 64bit' Language: 'es' Physical Memory: 15752 MB
BatchMode: 1, IsHumanControllingUs: 0, StartBugReporterOnCrash: 0, Is64bit: 1, IsPro: 0

 COMMAND LINE ARGUMENTS:
C:\Program Files\Unity\Hub\Editor\2020.3.13f1\Editor\Unity.exe
-adb2
-batchMode
-noUpm
-name
AssetImportWorker0
-projectPath
C:/Users/claud/Desktop/Game/Palote
-logFile
Logs/AssetImportWorker0.log
-srvPort
64749
Successfully changed project path to: C:/Users/claud/Desktop/Game/Palote
C:/Users/claud/Desktop/Game/Palote
Using Asset Import Pipeline V2.
Refreshing native plugins compatible for Editor in 203.17 ms, found 3 plugins.
Preloading 0 native plugins for Editor in 0.00 ms.
Initialize engine version: 2020.3.13f1 (71691879b7f5)
[Subsystems] Discovering subsystems at path C:/Program Files/Unity/Hub/Editor/2020.3.13f1/Editor/Data/Resources/UnitySubsystems
[Subsystems] Discovering subsystems at path C:/Users/claud/Desktop/Game/Palote/Assets
GfxDevice: creating device client; threaded=0
Direct3D:
    Version:  Direct3D 11.0 [level 11.1]
    Renderer: AMD Radeon(TM) Graphics (ID=0x164c)
    Vendor:   
    VRAM:     7876 MB
    Driver:   30.0.13026.3
Initialize mono
Mono path[0] = 'C:/Program Files/Unity/Hub/Editor/2020.3.13f1/Editor/Data/Managed'
Mono path[1] = 'C:/Program Files/Unity/Hub/Editor/2020.3.13f1/Editor/Data/MonoBleedingEdge/lib/mono/unityjit'
Mono config path = 'C:/Program Files/Unity/Hub/Editor/2020.3.13f1/Editor/Data/MonoBleedingEdge/etc'
Using monoOptions --debugger-agent=transport=dt_socket,embedding=1,server=y,suspend=n,address=127.0.0.1:56388
Begin MonoManager ReloadAssembly
Registering precompiled unity dll's ...
Register platform support module: C:/Program Files/Unity/Hub/Editor/2020.3.13f1/Editor/Data/PlaybackEngines/WindowsStandaloneSupport/UnityEditor.WindowsStandalone.Extensions.dll
Registered in 0.297603 seconds.
Native extension for WindowsStandalone target not found
Refreshing native plugins compatible for Editor in 39.45 ms, found 3 plugins.
Preloading 0 native plugins for Editor in 0.00 ms.
Mono: successfully reloaded assembly
- Completed reload, in  6.042 seconds
Platform modules already initialized, skipping
Registering precompiled user dll's ...
Registered in 0.956987 seconds.
Begin MonoManager ReloadAssembly
Native extension for WindowsStandalone target not found
Refreshing native plugins compatible for Editor in 1.12 ms, found 3 plugins.
Preloading 0 native plugins for Editor in 0.00 ms.
Mono: successfully reloaded assembly
- Completed reload, in  4.984 seconds
Platform modules already initialized, skipping
========================================================================
Worker process is ready to serve import requests
Launched and connected shader compiler UnityShaderCompiler.exe after 0.12 seconds
Refreshing native plugins compatible for Editor in 0.55 ms, found 3 plugins.
Preloading 0 native plugins for Editor in 0.00 ms.
Unloading 1946 Unused Serialized files (Serialized files now loaded: 0)
System memory in use before: 88.6 MB.
System memory in use after: 88.7 MB.

Unloading 24 unused Assets to reduce memory usage. Loaded Objects now: 2378.
Total: 4.149000 ms (FindLiveObjects: 0.441100 ms CreateObjectMapping: 0.115400 ms MarkObjects: 3.461200 ms  DeleteObjects: 0.128700 ms)

AssetImportParameters requested are different than current active one (requested -> active):
  custom:framework-win-MediaFoundation: 216162199b28c13a410421893ffa2e32 -> 
  custom:video-decoder-ogg-theora: a1e56fd34408186e4bbccfd4996cb3dc -> 
  custom:container-muxer-webm: aa71ff27fc2769a1b78a27578f13a17b -> 
  custom:container-demuxer-webm: 4f35f7cbe854078d1ac9338744f61a02 -> 
  custom:container-demuxer-ogg: 62fdf1f143b41e24485cea50d1cbac27 -> 
  custom:video-encoder-webm-vp8: eb34c28f22e8b96e1ab97ce403110664 -> 
  custom:video-decoder-webm-vp8: 9c59270c3fd7afecdb556c50c9e8de78 -> 
  custom:audio-decoder-ogg-vorbis: bf7c407c2cedff20999df2af8eb42d56 -> 
  custom:audio-encoder-webm-vorbis: bf7c407c2cedff20999df2af8eb42d56 -> 
========================================================================
Received Import Request.
  path: Assets/MainCharacter
  artifactKey: Guid(29197b9582b3e3c49a058a7bfae1d693) Importer(815301076,1909f56bfc062723c751e8b465ee728b)
Start importing Assets/MainCharacter using Guid(29197b9582b3e3c49a058a7bfae1d693) Importer(815301076,1909f56bfc062723c751e8b465ee728b)  -> (artifact id: '33a321c0df23f3e902e6c628cbe4b5a8') in 0.014337 seconds 
  Import took 0.019037 seconds .

========================================================================
Received Import Request.
  Time since last request: 1.134235 seconds.
  path: Assets/MainCharacter/mc.psb
  artifactKey: Guid(6f46c77922b42a848b995a6774f893ed) Importer(815301076,1909f56bfc062723c751e8b465ee728b)
Start importing Assets/MainCharacter/mc.psb using Guid(6f46c77922b42a848b995a6774f893ed) Importer(815301076,1909f56bfc062723c751e8b465ee728b)  -> (artifact id: '518de54079862dee8fddcdd90db05328') in 0.047580 seconds 
  Import took 0.051724 seconds .

========================================================================
Received Import Request.
  Time since last request: 45.096780 seconds.
  path: Assets/mc.psb
  artifactKey: Guid(c5fadc69bca70794292669911119b5cb) Importer(815301076,1909f56bfc062723c751e8b465ee728b)
Start importing Assets/mc.psb using Guid(c5fadc69bca70794292669911119b5cb) Importer(815301076,1909f56bfc062723c751e8b465ee728b)  -> (artifact id: 'a292265cc348e32fdb98f111911c433b') in 0.003219 seconds 
  Import took 0.006909 seconds .

========================================================================
Received Import Request.
  Time since last request: 163.082248 seconds.
  path: Assets/mc.png
  artifactKey: Guid(3a3b62e483fa5ec43a87f67f078dca5f) Importer(815301076,1909f56bfc062723c751e8b465ee728b)
Start importing Assets/mc.png using Guid(3a3b62e483fa5ec43a87f67f078dca5f) Importer(815301076,1909f56bfc062723c751e8b465ee728b)  -> (artifact id: '8c3b2546dca30e649540ef54bd8ff45f') in 0.068731 seconds 
  Import took 0.072636 seconds .

========================================================================
Received Import Request.
  Time since last request: 237.237726 seconds.
  path: Assets/mc.psb
  artifactKey: Guid(c5fadc69bca70794292669911119b5cb) Importer(815301076,1909f56bfc062723c751e8b465ee728b)
Start importing Assets/mc.psb using Guid(c5fadc69bca70794292669911119b5cb) Importer(815301076,1909f56bfc062723c751e8b465ee728b)  -> (artifact id: 'a11039350f2ed2911c042f9f8cb3189f') in 0.003763 seconds 
  Import took 0.008320 seconds .

========================================================================
Received Import Request.
  Time since last request: 380.674227 seconds.
  path: Assets/blah.psd
  artifactKey: Guid(bdfe6416fff55bf459050a18d2d95f39) Importer(815301076,1909f56bfc062723c751e8b465ee728b)
Start importing Assets/blah.psd using Guid(bdfe6416fff55bf459050a18d2d95f39) Importer(815301076,1909f56bfc062723c751e8b465ee728b)  -> (artifact id: '64e9252d21ecd97c26614cd210a83912') in 0.025323 seconds 
  Import took 0.029445 seconds .

========================================================================
Received Import Request.
  Time since last request: 0.004279 seconds.
  path: Assets/blah.psd
  artifactKey: Guid(bdfe6416fff55bf459050a18d2d95f39) Importer(815301076,1909f56bfc062723c751e8b465ee728b)
Start importing Assets/blah.psd using Guid(bdfe6416fff55bf459050a18d2d95f39) Importer(815301076,1909f56bfc062723c751e8b465ee728b)  -> (artifact id: '64e9252d21ecd97c26614cd210a83912') in 0.007918 seconds 
  Import took 0.012059 seconds .

========================================================================
Received Import Request.
  Time since last request: 68.979310 seconds.
  path: Assets/blah.psd.psd
  artifactKey: Guid(d7dc76f750646354a87890da5af48794) Importer(815301076,1909f56bfc062723c751e8b465ee728b)
Start importing Assets/blah.psd.psd using Guid(d7dc76f750646354a87890da5af48794) Importer(815301076,1909f56bfc062723c751e8b465ee728b)  -> (artifact id: 'f091a53b5916c8f15115ccb857212d78') in 0.020543 seconds 
  Import took 0.024963 seconds .

========================================================================
Received Import Request.
  Time since last request: 70.149346 seconds.
  path: Assets/blah.psd
  artifactKey: Guid(bdfe6416fff55bf459050a18d2d95f39) Importer(815301076,1909f56bfc062723c751e8b465ee728b)
Start importing Assets/blah.psd using Guid(bdfe6416fff55bf459050a18d2d95f39) Importer(815301076,1909f56bfc062723c751e8b465ee728b)  -> (artifact id: '02f4cd58799ae98f9b1ae30aeb0498e7') in 0.061892 seconds 
  Import took 0.065611 seconds .

========================================================================
Received Import Request.
  Time since last request: 90.070250 seconds.
  path: Assets/blah.psd
  artifactKey: Guid(bdfe6416fff55bf459050a18d2d95f39) Importer(815301076,1909f56bfc062723c751e8b465ee728b)
Start importing Assets/blah.psd using Guid(bdfe6416fff55bf459050a18d2d95f39) Importer(815301076,1909f56bfc062723c751e8b465ee728b)  -> (artifact id: 'b8caa7df7f77764c956451d6f93a98a1') in 0.027945 seconds 
  Import took 0.032902 seconds .

========================================================================
Received Import Request.
  Time since last request: 75.344756 seconds.
  path: Assets/blah.psd
  artifactKey: Guid(bdfe6416fff55bf459050a18d2d95f39) Importer(815301076,1909f56bfc062723c751e8b465ee728b)
Start importing Assets/blah.psd using Guid(bdfe6416fff55bf459050a18d2d95f39) Importer(815301076,1909f56bfc062723c751e8b465ee728b)  -> (artifact id: '286178d359d0b32cb04256b8f9980441') in 0.015885 seconds 
  Import took 0.020432 seconds .

========================================================================
Received Import Request.
  Time since last request: 0.008108 seconds.
  path: Assets/blah.psd
  artifactKey: Guid(bdfe6416fff55bf459050a18d2d95f39) Importer(815301076,1909f56bfc062723c751e8b465ee728b)
Start importing Assets/blah.psd using Guid(bdfe6416fff55bf459050a18d2d95f39) Importer(815301076,1909f56bfc062723c751e8b465ee728b)  -> (artifact id: '286178d359d0b32cb04256b8f9980441') in 0.012454 seconds 
  Import took 0.016213 seconds .

========================================================================
Received Import Request.
  Time since last request: 29.439862 seconds.
  path: Assets/blah.psd
  artifactKey: Guid(bdfe6416fff55bf459050a18d2d95f39) Importer(815301076,1909f56bfc062723c751e8b465ee728b)
Start importing Assets/blah.psd using Guid(bdfe6416fff55bf459050a18d2d95f39) Importer(815301076,1909f56bfc062723c751e8b465ee728b)  -> (artifact id: 'bd75c872b85c92e23230a40ba1456e45') in 0.044194 seconds 
  Import took 0.047643 seconds .

========================================================================
Received Import Request.
  Time since last request: 82.073028 seconds.
  path: Assets/blah.psd
  artifactKey: Guid(bdfe6416fff55bf459050a18d2d95f39) Importer(815301076,1909f56bfc062723c751e8b465ee728b)
Start importing Assets/blah.psd using Guid(bdfe6416fff55bf459050a18d2d95f39) Importer(815301076,1909f56bfc062723c751e8b465ee728b)  -> (artifact id: 'c24d07d613e214265965d33f749327f0') in 0.035036 seconds 
  Import took 0.038629 seconds .

AssetImportWorkerClient::OnTransportError - code=2 error=End of file
